<?xml version="1.0" encoding="UTF-8"?>
<!-- Generated by org.testng.reporters.JUnitReportReporter -->
<testsuite hostname="Karthik" failures="0" tests="1" name="Testcases.Tc_07_Menu_shop_by_Dept" time="71.544" errors="0" timestamp="2024-01-09T23:26:31 IST" skipped="0">
  <testcase classname="Testcases.Tc_07_Menu_shop_by_Dept" name="SelAddItemShopByDeptMenu" time="71.544"/>
  <system-out/>
</testsuite> <!-- Testcases.Tc_07_Menu_shop_by_Dept -->
