<?xml version="1.0" encoding="UTF-8"?>
<!-- Generated by org.testng.reporters.JUnitReportReporter -->
<testsuite hostname="Karthik" failures="0" tests="10" name="Testcases.Tc_homepage" time="347.139" errors="0" timestamp="2024-01-08T20:37:47 IST" skipped="0">
  <testcase classname="Testcases.Tc_homepage" name="CheckTitleOfAllMenu" time="47.087"/>
  <system-out/>
  <testcase classname="Testcases.Tc_homepage" name="CheckTitleOfAllMenu" time="37.862"/>
  <system-out/>
  <testcase classname="Testcases.Tc_homepage" name="CheckTitleOfAllMenu" time="31.411"/>
  <system-out/>
  <testcase classname="Testcases.Tc_homepage" name="CheckTitleOfAllMenu" time="25.094"/>
  <system-out/>
  <testcase classname="Testcases.Tc_homepage" name="CheckTitleOfAllMenu" time="34.159"/>
  <system-out/>
  <testcase classname="Testcases.Tc_homepage" name="CheckTitleOfAllMenu" time="38.093"/>
  <system-out/>
  <testcase classname="Testcases.Tc_homepage" name="CheckTitleOfAllMenu" time="20.213"/>
  <system-out/>
  <testcase classname="Testcases.Tc_homepage" name="CheckTitleOfAllMenu" time="33.300"/>
  <system-out/>
  <testcase classname="Testcases.Tc_homepage" name="CheckTitleOfAllMenu" time="51.975"/>
  <system-out/>
  <testcase classname="Testcases.Tc_homepage" name="validate_BottomLink_HomePage" time="27.945"/>
  <system-out/>
</testsuite> <!-- Testcases.Tc_homepage -->
