<?xml version="1.0" encoding="UTF-8"?>
<!-- Generated by org.testng.reporters.JUnitReportReporter -->
<testsuite hostname="Karthik" failures="0" tests="1" name="Testcases.Tc_Checkout_filling" time="118.501" errors="0" timestamp="2024-01-09T18:10:36 IST" skipped="0">
  <testcase classname="Testcases.Tc_Checkout_filling" name="CheckOutPageFillingas_using_guest" time="118.501"/>
  <system-out/>
</testsuite> <!-- Testcases.Tc_Checkout_filling -->
