<?xml version="1.0" encoding="UTF-8"?>
<!-- Generated by org.testng.reporters.JUnitReportReporter -->
<testsuite hostname="Karthik" failures="0" tests="1" name="Testcases.Tc_navigatetowebpage" time="25.223" errors="0" timestamp="2024-01-08T20:37:46 IST" skipped="0">
  <testcase classname="Testcases.Tc_navigatetowebpage" name="tc_01_navgatingToBestBestApp" time="25.223"/>
  <system-out/>
</testsuite> <!-- Testcases.Tc_navigatetowebpage -->
