<?xml version="1.0" encoding="UTF-8"?>
<!-- Generated by org.testng.reporters.JUnitReportReporter -->
<testsuite hostname="Karthik" failures="0" tests="1" name="Testcases.Tc_productpage" time="91.754" errors="0" timestamp="2024-01-01T11:03:35 IST" skipped="0">
  <testcase classname="Testcases.Tc_productpage" name="SearchAddItemInCart" time="91.754"/>
  <system-out/>
</testsuite> <!-- Testcases.Tc_productpage -->
