<?xml version="1.0" encoding="UTF-8"?>
<!-- Generated by org.testng.reporters.JUnitReportReporter -->
<testsuite hostname="Karthik" failures="0" tests="7" name="Testcases.Tc_createaccountpageTest" time="270.269" errors="0" timestamp="2024-01-09T22:40:58 IST" skipped="0">
  <testcase classname="Testcases.Tc_createaccountpageTest" name="ValidateCreatAccountFunctionality" time="33.861"/>
  <system-out/>
  <testcase classname="Testcases.Tc_createaccountpageTest" name="ValidateCreatAccountFunctionality" time="38.786"/>
  <system-out/>
  <testcase classname="Testcases.Tc_createaccountpageTest" name="ValidateCreatAccountFunctionality" time="33.963"/>
  <system-out/>
  <testcase classname="Testcases.Tc_createaccountpageTest" name="ValidateCreatAccountFunctionality" time="39.722"/>
  <system-out/>
  <testcase classname="Testcases.Tc_createaccountpageTest" name="ValidateCreatAccountFunctionality" time="43.788"/>
  <system-out/>
  <testcase classname="Testcases.Tc_createaccountpageTest" name="ValidateCreatAccountFunctionality" time="39.636"/>
  <system-out/>
  <testcase classname="Testcases.Tc_createaccountpageTest" name="ValidateCreatAccountFunctionality" time="40.513"/>
  <system-out/>
</testsuite> <!-- Testcases.Tc_createaccountpageTest -->
