<?xml version="1.0" encoding="UTF-8"?>
<!-- Generated by org.testng.reporters.JUnitReportReporter -->
<testsuite hostname="Karthik" failures="0" tests="10" name="Testcases.Tc_05_Homepage" time="175.575" errors="0" timestamp="2024-01-09T23:26:31 IST" skipped="0">
  <testcase classname="Testcases.Tc_05_Homepage" name="CheckTitleOfAllMenu" time="21.193"/>
  <system-out/>
  <testcase classname="Testcases.Tc_05_Homepage" name="CheckTitleOfAllMenu" time="18.698"/>
  <system-out/>
  <testcase classname="Testcases.Tc_05_Homepage" name="CheckTitleOfAllMenu" time="14.903"/>
  <system-out/>
  <testcase classname="Testcases.Tc_05_Homepage" name="CheckTitleOfAllMenu" time="15.522"/>
  <system-out/>
  <testcase classname="Testcases.Tc_05_Homepage" name="CheckTitleOfAllMenu" time="16.903"/>
  <system-out/>
  <testcase classname="Testcases.Tc_05_Homepage" name="CheckTitleOfAllMenu" time="16.141"/>
  <system-out/>
  <testcase classname="Testcases.Tc_05_Homepage" name="CheckTitleOfAllMenu" time="17.688"/>
  <system-out/>
  <testcase classname="Testcases.Tc_05_Homepage" name="CheckTitleOfAllMenu" time="16.127"/>
  <system-out/>
  <testcase classname="Testcases.Tc_05_Homepage" name="CheckTitleOfAllMenu" time="25.011"/>
  <system-out/>
  <testcase classname="Testcases.Tc_05_Homepage" name="validate_BottomLink_HomePage" time="13.389"/>
  <system-out/>
</testsuite> <!-- Testcases.Tc_05_Homepage -->
