<?xml version="1.0" encoding="UTF-8"?>
<!-- Generated by org.testng.reporters.JUnitReportReporter -->
<testsuite hostname="Karthik" failures="0" tests="4" name="Testcases.Tc_04_Siginpage" time="91.757" errors="0" timestamp="2024-01-09T23:26:31 IST" skipped="0">
  <testcase classname="Testcases.Tc_04_Siginpage" name="SignIn" time="27.844"/>
  <system-out/>
  <testcase classname="Testcases.Tc_04_Siginpage" name="SignIn" time="19.899"/>
  <system-out/>
  <testcase classname="Testcases.Tc_04_Siginpage" name="SignIn" time="20.650"/>
  <system-out/>
  <testcase classname="Testcases.Tc_04_Siginpage" name="SignIn" time="23.364"/>
  <system-out/>
</testsuite> <!-- Testcases.Tc_04_Siginpage -->
