<?xml version="1.0" encoding="UTF-8"?>
<!-- Generated by org.testng.reporters.JUnitReportReporter -->
<testsuite hostname="Karthik" failures="0" tests="4" name="Testcases.Tc_Siginpage" time="134.071" errors="0" timestamp="2024-01-08T20:37:46 IST" skipped="0">
  <testcase classname="Testcases.Tc_Siginpage" name="SignIn" time="39.503"/>
  <system-out/>
  <testcase classname="Testcases.Tc_Siginpage" name="SignIn" time="28.191"/>
  <system-out/>
  <testcase classname="Testcases.Tc_Siginpage" name="SignIn" time="35.132"/>
  <system-out/>
  <testcase classname="Testcases.Tc_Siginpage" name="SignIn" time="31.245"/>
  <system-out/>
</testsuite> <!-- Testcases.Tc_Siginpage -->
