<?xml version="1.0" encoding="UTF-8"?>
<!-- Generated by org.testng.reporters.JUnitReportReporter -->
<testsuite hostname="Karthik" failures="0" tests="1" name="Testcases.Tc_Menu_shop_by_Dept" time="64.679" errors="0" timestamp="2024-01-08T20:37:46 IST" skipped="0">
  <testcase classname="Testcases.Tc_Menu_shop_by_Dept" name="tc_07_selAddItemShopByDeptMenu" time="64.679"/>
  <system-out/>
</testsuite> <!-- Testcases.Tc_Menu_shop_by_Dept -->
