<?xml version="1.0" encoding="UTF-8"?>
<!-- Generated by org.testng.reporters.JUnitReportReporter -->
<testsuite hostname="Karthik" failures="0" tests="1" name="Testcases.Tc_07_Menu_shop_by_Dept" time="46.640" errors="0" timestamp="2024-01-09T23:45:13 IST" skipped="0">
  <testcase classname="Testcases.Tc_07_Menu_shop_by_Dept" name="SelAddItemShopByDeptMenu" time="46.640"/>
</testsuite> <!-- Testcases.Tc_07_Menu_shop_by_Dept -->
