<?xml version="1.0" encoding="UTF-8"?>
<!-- Generated by org.testng.reporters.JUnitReportReporter -->
<testsuite hostname="Karthik" failures="0" tests="4" name="Testcases.Tc_04_Siginpage" time="78.705" errors="0" timestamp="2024-01-10T10:36:04 IST" skipped="0">
  <testcase classname="Testcases.Tc_04_Siginpage" name="SignIn" time="18.939"/>
  <testcase classname="Testcases.Tc_04_Siginpage" name="SignIn" time="19.310"/>
  <testcase classname="Testcases.Tc_04_Siginpage" name="SignIn" time="18.807"/>
  <testcase classname="Testcases.Tc_04_Siginpage" name="SignIn" time="21.649"/>
</testsuite> <!-- Testcases.Tc_04_Siginpage -->
