<?xml version="1.0" encoding="UTF-8"?>
<!-- Generated by org.testng.reporters.JUnitReportReporter -->
<testsuite hostname="Karthik" failures="0" tests="1" name="Testcases.Tc_07_Menu_shop_by_Dept" time="33.254" errors="0" timestamp="2024-01-10T10:36:04 IST" skipped="0">
  <testcase classname="Testcases.Tc_07_Menu_shop_by_Dept" name="SelAddItemShopByDeptMenu" time="33.254"/>
</testsuite> <!-- Testcases.Tc_07_Menu_shop_by_Dept -->
