<?xml version="1.0" encoding="UTF-8"?>
<!-- Generated by org.testng.reporters.JUnitReportReporter -->
<testsuite hostname="Karthik" failures="0" tests="10" name="Testcases.Tc_05_Homepage" time="227.590" errors="0" timestamp="2024-01-09T23:45:13 IST" skipped="0">
  <testcase classname="Testcases.Tc_05_Homepage" name="CheckTitleOfAllMenu" time="16.922"/>
  <testcase classname="Testcases.Tc_05_Homepage" name="CheckTitleOfAllMenu" time="19.028"/>
  <testcase classname="Testcases.Tc_05_Homepage" name="CheckTitleOfAllMenu" time="43.206"/>
  <testcase classname="Testcases.Tc_05_Homepage" name="CheckTitleOfAllMenu" time="29.175"/>
  <testcase classname="Testcases.Tc_05_Homepage" name="CheckTitleOfAllMenu" time="17.608"/>
  <testcase classname="Testcases.Tc_05_Homepage" name="CheckTitleOfAllMenu" time="14.362"/>
  <testcase classname="Testcases.Tc_05_Homepage" name="CheckTitleOfAllMenu" time="28.380"/>
  <testcase classname="Testcases.Tc_05_Homepage" name="CheckTitleOfAllMenu" time="25.623"/>
  <testcase classname="Testcases.Tc_05_Homepage" name="CheckTitleOfAllMenu" time="17.096"/>
  <testcase classname="Testcases.Tc_05_Homepage" name="validate_BottomLink_HomePage" time="16.190"/>
</testsuite> <!-- Testcases.Tc_05_Homepage -->
