<?xml version="1.0" encoding="UTF-8"?>
<!-- Generated by org.testng.reporters.JUnitReportReporter -->
<testsuite hostname="Karthik" failures="0" tests="1" name="Testcases.Tc_09_Checkout_fillingpage" time="59.042" errors="0" timestamp="2024-01-10T10:36:04 IST" skipped="0">
  <testcase classname="Testcases.Tc_09_Checkout_fillingpage" name="CheckOutPageFillingas_using_guest" time="59.042"/>
</testsuite> <!-- Testcases.Tc_09_Checkout_fillingpage -->
