<?xml version="1.0" encoding="UTF-8"?>
<!-- Generated by org.testng.reporters.JUnitReportReporter -->
<testsuite hostname="Karthik" failures="0" tests="4" name="Testcases.Tc_04_Siginpage" time="90.263" errors="0" timestamp="2024-01-09T23:45:13 IST" skipped="0">
  <testcase classname="Testcases.Tc_04_Siginpage" name="SignIn" time="26.312"/>
  <testcase classname="Testcases.Tc_04_Siginpage" name="SignIn" time="19.353"/>
  <testcase classname="Testcases.Tc_04_Siginpage" name="SignIn" time="22.700"/>
  <testcase classname="Testcases.Tc_04_Siginpage" name="SignIn" time="21.898"/>
</testsuite> <!-- Testcases.Tc_04_Siginpage -->
