<?xml version="1.0" encoding="UTF-8"?>
<!-- Generated by org.testng.reporters.JUnitReportReporter -->
<testsuite hostname="Karthik" failures="0" tests="1" name="Testcases.Tc_02_Verify_LinkBroken" time="24.406" errors="0" timestamp="2024-01-09T23:45:13 IST" skipped="0">
  <testcase classname="Testcases.Tc_02_Verify_LinkBroken" name="ValidateUrlIsNotBroken" time="24.406"/>
</testsuite> <!-- Testcases.Tc_02_Verify_LinkBroken -->
