<?xml version="1.0" encoding="UTF-8"?>
<!-- Generated by org.testng.reporters.JUnitReportReporter -->
<testsuite hostname="Karthik" failures="0" tests="1" name="Testcases.Tc_06_Search_additem" time="32.978" errors="0" timestamp="2024-01-10T01:00:59 IST" skipped="0">
  <testcase classname="Testcases.Tc_06_Search_additem" name="SearchAddItemInCart" time="32.978"/>
</testsuite> <!-- Testcases.Tc_06_Search_additem -->
