<?xml version="1.0" encoding="UTF-8"?>
<!-- Generated by org.testng.reporters.JUnitReportReporter -->
<testsuite hostname="Karthik" failures="0" tests="4" name="Testcases.Tc_04_Siginpage" time="71.194" errors="0" timestamp="2024-01-10T01:00:59 IST" skipped="0">
  <testcase classname="Testcases.Tc_04_Siginpage" name="SignIn" time="15.191"/>
  <testcase classname="Testcases.Tc_04_Siginpage" name="SignIn" time="13.913"/>
  <testcase classname="Testcases.Tc_04_Siginpage" name="SignIn" time="15.912"/>
  <testcase classname="Testcases.Tc_04_Siginpage" name="SignIn" time="26.178"/>
</testsuite> <!-- Testcases.Tc_04_Siginpage -->
